<component name="libraryTable">
  <library name="junit-4.5">
    <CLASSES>
      <root url="jar://$USER_HOME$/Documents/School/IRLab Research/mallet-2.0.8RC3/lib/junit-4.5.jar!/" />
    </CLASSES>
    <JAVADOC />
    <SOURCES />
  </library>
</component>